<!DOCTYPE test_dict [
<!ENTITY abbr "abbreviation">
<!ENTITY ctr "counter">
<!ENTITY n "noun (common) (futsuumeishi)">
<!ENTITY n-adv "adverbial noun (fukushitekimeishi)">
<!ENTITY n-pref "noun, used as a prefix">
<!ENTITY n-suf "noun, used as a suffix">
<!ENTITY n-t "noun (temporal) (jisoumeishi)">
<!ENTITY ok "out-dated or obsolete kana usage">
<!ENTITY suf "suffix">
<!ENTITY vs "noun or participle which takes the aux. verb suru">
]>
<test_dict>
<entry>
<ent_seq>1796130</ent_seq>
<k_ele>
<keb>鳥打ち</keb>
</k_ele>
<k_ele>
<keb>鳥撃ち</keb>
</k_ele>
<r_ele>
<reb>とりうち</reb>
</r_ele>
<sense>
<pos>&n;</pos>
<gloss>fowling</gloss>
<gloss>shooting birds</gloss>
</sense>
</entry>
<entry>
<ent_seq>1430250</ent_seq>
<k_ele>
<keb>鳥</keb>
<ke_pri>ichi1</ke_pri>
<ke_pri>news1</ke_pri>
<ke_pri>nf04</ke_pri>
</k_ele>
<k_ele>
<keb>禽</keb>
</k_ele>
<r_ele>
<reb>とり</reb>
<re_pri>ichi1</re_pri>
<re_pri>news1</re_pri>
<re_pri>nf04</re_pri>
</r_ele>
<sense>
<pos>&n;</pos>
<gloss>bird</gloss>
</sense>
<sense>
<xref>鶏</xref>
<gloss>bird meat (esp. chicken meat)</gloss>
<gloss>fowl</gloss>
<gloss>poultry</gloss>
</sense>
</entry>
<entry>
<ent_seq>1317970</ent_seq>
<k_ele>
<keb>自信</keb>
<ke_pri>ichi1</ke_pri>
<ke_pri>news1</ke_pri>
<ke_pri>nf02</ke_pri>
</k_ele>
<r_ele>
<reb>じしん</reb>
<re_pri>ichi1</re_pri>
<re_pri>news1</re_pri>
<re_pri>nf02</re_pri>
</r_ele>
<sense>
<pos>&n;</pos>
<pos>&vs;</pos>
<gloss>self-confidence</gloss>
<gloss>confidence (in oneself)</gloss>
</sense>
</entry>
<entry>
<ent_seq>1421210</ent_seq>
<k_ele>
<keb>地震</keb>
<ke_pri>ichi1</ke_pri>
<ke_pri>news1</ke_pri>
<ke_pri>nf02</ke_pri>
</k_ele>
<r_ele>
<reb>じしん</reb>
<re_pri>ichi1</re_pri>
<re_pri>news1</re_pri>
<re_pri>nf02</re_pri>
</r_ele>
<r_ele>
<reb>ない</reb>
<re_inf>&ok;</re_inf>
</r_ele>
<r_ele>
<reb>なえ</reb>
<re_inf>&ok;</re_inf>
</r_ele>
<r_ele>
<reb>じぶるい</reb>
<re_inf>&ok;</re_inf>
</r_ele>
<sense>
<pos>&n;</pos>
<gloss>earthquake</gloss>
</sense>
</entry>
<entry>
<ent_seq>1070190</ent_seq>
<r_ele>
<reb>スチューデントアパシー</reb>
</r_ele>
<r_ele>
<reb>スチューデント・アパシー</reb>
</r_ele>
<sense>
<pos>&n;</pos>
<gloss>student apathy</gloss>
</sense>
</entry>
<entry>
<ent_seq>1463770</ent_seq>
<k_ele>
<keb>日</keb>
<ke_pri>ichi1</ke_pri>
<ke_pri>news1</ke_pri>
<ke_pri>nf03</ke_pri>
</k_ele>
<k_ele>
<keb>陽</keb>
</k_ele>
<r_ele>
<reb>ひ</reb>
<re_pri>ichi1</re_pri>
<re_pri>news1</re_pri>
<re_pri>nf03</re_pri>
</r_ele>
<sense>
<stagk>日</stagk>
<pos>&n-adv;</pos>
<pos>&n-t;</pos>
<gloss>day</gloss>
<gloss>days</gloss>
</sense>
<sense>
<gloss>sun</gloss>
<gloss>sunshine</gloss>
<gloss>sunlight</gloss>
</sense>
<sense>
<stagk>日</stagk>
<s_inf>as 〜した日には, 〜と来た日には, etc.</s_inf>
<gloss>case (esp. unfortunate)</gloss>
<gloss>event</gloss>
</sense>
</entry>
<entry>
<ent_seq>2083100</ent_seq>
<k_ele>
<keb>日</keb>
</k_ele>
<r_ele>
<reb>にち</reb>
</r_ele>
<sense>
<pos>&n;</pos>
<xref>日曜</xref>
<misc>&abbr;</misc>
<gloss>Sunday</gloss>
</sense>
<sense>
<pos>&suf;</pos>
<s_inf>also んち or ち</s_inf>
<gloss>day (of the month)</gloss>
</sense>
<sense>
<pos>&suf;</pos>
<pos>&ctr;</pos>
<s_inf>also んち or ち</s_inf>
<gloss>counter for days</gloss>
</sense>
<sense>
<pos>&n;</pos>
<pos>&n-suf;</pos>
<pos>&n-pref;</pos>
<xref>日本</xref>
<misc>&abbr;</misc>
<gloss>Japan</gloss>
</sense>
</entry>
<entry>
<ent_seq>2083110</ent_seq>
<k_ele>
<keb>日</keb>
</k_ele>
<r_ele>
<reb>か</reb>
</r_ele>
<sense>
<pos>&n-suf;</pos>
<gloss>day of month</gloss>
</sense>
<sense>
<pos>&ctr;</pos>
<gloss>counter for days</gloss>
</sense>
</entry>
</test_dict>
