<entry>
<ent_seq>1796130</ent_seq>
<k_ele>
<keb>鳥打ち</keb>
</k_ele>
<k_ele>
<keb>鳥撃ち</keb>
</k_ele>
<r_ele>
<reb>とりうち</reb>
</r_ele>
<sense>
<pos>&n;</pos>
<gloss>fowling</gloss>
<gloss>shooting birds</gloss>
</sense>
</entry>
<entry>
<ent_seq>1317970</ent_seq>
<k_ele>
<keb>自信</keb>
<ke_pri>ichi1</ke_pri>
<ke_pri>news1</ke_pri>
<ke_pri>nf02</ke_pri>
</k_ele>
<r_ele>
<reb>じしん</reb>
<re_pri>ichi1</re_pri>
<re_pri>news1</re_pri>
<re_pri>nf02</re_pri>
</r_ele>
<sense>
<pos>&n;</pos>
<pos>&vs;</pos>
<gloss>self-confidence</gloss>
<gloss>confidence (in oneself)</gloss>
</sense>
</entry>
<entry>
<ent_seq>1421210</ent_seq>
<k_ele>
<keb>地震</keb>
<ke_pri>ichi1</ke_pri>
<ke_pri>news1</ke_pri>
<ke_pri>nf02</ke_pri>
</k_ele>
<r_ele>
<reb>じしん</reb>
<re_pri>ichi1</re_pri>
<re_pri>news1</re_pri>
<re_pri>nf02</re_pri>
</r_ele>
<r_ele>
<reb>ない</reb>
<re_inf>&ok;</re_inf>
</r_ele>
<r_ele>
<reb>なえ</reb>
<re_inf>&ok;</re_inf>
</r_ele>
<r_ele>
<reb>じぶるい</reb>
<re_inf>&ok;</re_inf>
</r_ele>
<sense>
<pos>&n;</pos>
<gloss>earthquake</gloss>
</sense>
</entry>
<entry>
<ent_seq>1070190</ent_seq>
<r_ele>
<reb>スチューデントアパシー</reb>
</r_ele>
<r_ele>
<reb>スチューデント・アパシー</reb>
</r_ele>
<sense>
<pos>&n;</pos>
<gloss>student apathy</gloss>
</sense>
</entry>